<?xml version="1.0" encoding="UTF-8"?>
<!-- Generated by org.testng.reporters.JUnitXMLReporter -->
<testsuite ignored="0" hostname="LTIN719344" failures="1" tests="21" name="Chrome" time="109.026" errors="0" timestamp="2026-05-18T23:42:26 IST">
  <testcase classname="tests.TipCalculatorTest" name="runTest" time="1.578"/>
  <testcase classname="tests.TipCalculatorTest" name="runTest" time="5.388"/>
  <testcase classname="tests.TipCalculatorTest" name="runTest" time="2.611"/>
  <testcase classname="tests.TipCalculatorTest" name="runTest" time="2.224"/>
  <testcase classname="tests.TipCalculatorTest" name="runTest" time="2.519"/>
  <testcase classname="tests.TipCalculatorTest" name="runTest" time="5.052"/>
  <testcase classname="tests.TipCalculatorTest" name="runTest" time="2.143"/>
  <testcase classname="tests.TipCalculatorTest" name="runTest" time="1.935"/>
  <testcase classname="tests.TipCalculatorTest" name="runTest" time="5.241">
    <skipped/>
  </testcase> <!-- runTest -->
  <testcase classname="tests.TipCalculatorTest" name="runTest" time="5.247">
    <failure type="java.lang.AssertionError" message="TC_009 FAILED">
      <![CDATA[java.lang.AssertionError: TC_009 FAILED
at tests.TipCalculatorTest.runTest(TipCalculatorTest.java:250)
at java.base/java.util.ArrayList.forEach(ArrayList.java:1596)
at java.base/java.util.concurrent.FutureTask.run(FutureTask.java:317)
at java.base/java.util.concurrent.ThreadPoolExecutor.runWorker(ThreadPoolExecutor.java:1144)
at java.base/java.util.concurrent.ThreadPoolExecutor$Worker.run(ThreadPoolExecutor.java:642)
at java.base/java.lang.Thread.run(Thread.java:1583)
... Removed 16 stack frames]]>
    </failure>
  </testcase> <!-- runTest -->
  <testcase classname="tests.TipCalculatorTest" name="runTest" time="5.433"/>
  <testcase classname="tests.TipCalculatorTest" name="runTest" time="5.145"/>
  <testcase classname="tests.TipCalculatorTest" name="runTest" time="4.772"/>
  <testcase classname="tests.TipCalculatorTest" name="runTest" time="5.005"/>
  <testcase classname="tests.TipCalculatorTest" name="runTest" time="4.672"/>
  <testcase classname="tests.TipCalculatorTest" name="runTest" time="4.7"/>
  <testcase classname="tests.TipCalculatorTest" name="runTest" time="4.975"/>
  <testcase classname="tests.TipCalculatorTest" name="runTest" time="4.935"/>
  <testcase classname="tests.TipCalculatorTest" name="runTest" time="4.754"/>
  <testcase classname="tests.TipCalculatorTest" name="runTest" time="5.096"/>
  <testcase classname="tests.TipCalculatorTest" name="runTest" time="5.166"/>
</testsuite> <!-- Chrome -->
