<?xml version="1.0" encoding="UTF-8"?>
<!-- Generated by org.testng.reporters.JUnitXMLReporter -->
<testsuite ignored="0" hostname="LTIN719344" failures="9" tests="20" name="Chrome Tests" time="61.516" errors="0" timestamp="2026-05-18T14:51:54 IST">
  <testcase classname="tests.TipCalculatorTest" name="runTest" time="0.41"/>
  <testcase classname="tests.TipCalculatorTest" name="runTest" time="1.235"/>
  <testcase classname="tests.TipCalculatorTest" name="runTest" time="2.526">
    <failure type="java.lang.AssertionError" message="TC_003 FAILED">
      <![CDATA[java.lang.AssertionError: TC_003 FAILED
at tests.TipCalculatorTest.runTest(TipCalculatorTest.java:80)
at java.base/java.util.ArrayList.forEach(ArrayList.java:1596)
at java.base/java.util.concurrent.FutureTask.run(FutureTask.java:317)
at java.base/java.util.concurrent.ThreadPoolExecutor.runWorker(ThreadPoolExecutor.java:1144)
at java.base/java.util.concurrent.ThreadPoolExecutor$Worker.run(ThreadPoolExecutor.java:642)
at java.base/java.lang.Thread.run(Thread.java:1583)
... Removed 16 stack frames]]>
    </failure>
  </testcase> <!-- runTest -->
  <testcase classname="tests.TipCalculatorTest" name="runTest" time="3.12"/>
  <testcase classname="tests.TipCalculatorTest" name="runTest" time="2.622"/>
  <testcase classname="tests.TipCalculatorTest" name="runTest" time="1.882"/>
  <testcase classname="tests.TipCalculatorTest" name="runTest" time="2.65">
    <failure type="java.lang.AssertionError" message="TC_007 FAILED">
      <![CDATA[java.lang.AssertionError: TC_007 FAILED
at tests.TipCalculatorTest.runTest(TipCalculatorTest.java:80)
at java.base/java.util.ArrayList.forEach(ArrayList.java:1596)
at java.base/java.util.concurrent.FutureTask.run(FutureTask.java:317)
at java.base/java.util.concurrent.ThreadPoolExecutor.runWorker(ThreadPoolExecutor.java:1144)
at java.base/java.util.concurrent.ThreadPoolExecutor$Worker.run(ThreadPoolExecutor.java:642)
at java.base/java.lang.Thread.run(Thread.java:1583)
... Removed 16 stack frames]]>
    </failure>
  </testcase> <!-- runTest -->
  <testcase classname="tests.TipCalculatorTest" name="runTest" time="2.018"/>
  <testcase classname="tests.TipCalculatorTest" name="runTest" time="2.497">
    <failure type="java.lang.AssertionError" message="TC_009 FAILED">
      <![CDATA[java.lang.AssertionError: TC_009 FAILED
at tests.TipCalculatorTest.runTest(TipCalculatorTest.java:80)
at java.base/java.util.ArrayList.forEach(ArrayList.java:1596)
at java.base/java.util.concurrent.FutureTask.run(FutureTask.java:317)
at java.base/java.util.concurrent.ThreadPoolExecutor.runWorker(ThreadPoolExecutor.java:1144)
at java.base/java.util.concurrent.ThreadPoolExecutor$Worker.run(ThreadPoolExecutor.java:642)
at java.base/java.lang.Thread.run(Thread.java:1583)
... Removed 16 stack frames]]>
    </failure>
  </testcase> <!-- runTest -->
  <testcase classname="tests.TipCalculatorTest" name="runTest" time="2.209">
    <failure type="java.lang.AssertionError" message="TC_010 FAILED">
      <![CDATA[java.lang.AssertionError: TC_010 FAILED
at tests.TipCalculatorTest.runTest(TipCalculatorTest.java:80)
at java.base/java.util.ArrayList.forEach(ArrayList.java:1596)
at java.base/java.util.concurrent.FutureTask.run(FutureTask.java:317)
at java.base/java.util.concurrent.ThreadPoolExecutor.runWorker(ThreadPoolExecutor.java:1144)
at java.base/java.util.concurrent.ThreadPoolExecutor$Worker.run(ThreadPoolExecutor.java:642)
at java.base/java.lang.Thread.run(Thread.java:1583)
... Removed 16 stack frames]]>
    </failure>
  </testcase> <!-- runTest -->
  <testcase classname="tests.TipCalculatorTest" name="runTest" time="2.7"/>
  <testcase classname="tests.TipCalculatorTest" name="runTest" time="2.455">
    <failure type="java.lang.AssertionError" message="TC_012 FAILED">
      <![CDATA[java.lang.AssertionError: TC_012 FAILED
at tests.TipCalculatorTest.runTest(TipCalculatorTest.java:80)
at java.base/java.util.ArrayList.forEach(ArrayList.java:1596)
at java.base/java.util.concurrent.FutureTask.run(FutureTask.java:317)
at java.base/java.util.concurrent.ThreadPoolExecutor.runWorker(ThreadPoolExecutor.java:1144)
at java.base/java.util.concurrent.ThreadPoolExecutor$Worker.run(ThreadPoolExecutor.java:642)
at java.base/java.lang.Thread.run(Thread.java:1583)
... Removed 16 stack frames]]>
    </failure>
  </testcase> <!-- runTest -->
  <testcase classname="tests.TipCalculatorTest" name="runTest" time="2.638"/>
  <testcase classname="tests.TipCalculatorTest" name="runTest" time="2.643">
    <failure type="java.lang.AssertionError" message="TC_014 FAILED">
      <![CDATA[java.lang.AssertionError: TC_014 FAILED
at tests.TipCalculatorTest.runTest(TipCalculatorTest.java:80)
at java.base/java.util.ArrayList.forEach(ArrayList.java:1596)
at java.base/java.util.concurrent.FutureTask.run(FutureTask.java:317)
at java.base/java.util.concurrent.ThreadPoolExecutor.runWorker(ThreadPoolExecutor.java:1144)
at java.base/java.util.concurrent.ThreadPoolExecutor$Worker.run(ThreadPoolExecutor.java:642)
at java.base/java.lang.Thread.run(Thread.java:1583)
... Removed 16 stack frames]]>
    </failure>
  </testcase> <!-- runTest -->
  <testcase classname="tests.TipCalculatorTest" name="runTest" time="2.032"/>
  <testcase classname="tests.TipCalculatorTest" name="runTest" time="2.742">
    <failure type="java.lang.AssertionError" message="TC_016 FAILED">
      <![CDATA[java.lang.AssertionError: TC_016 FAILED
at tests.TipCalculatorTest.runTest(TipCalculatorTest.java:80)
at java.base/java.util.ArrayList.forEach(ArrayList.java:1596)
at java.base/java.util.concurrent.FutureTask.run(FutureTask.java:317)
at java.base/java.util.concurrent.ThreadPoolExecutor.runWorker(ThreadPoolExecutor.java:1144)
at java.base/java.util.concurrent.ThreadPoolExecutor$Worker.run(ThreadPoolExecutor.java:642)
at java.base/java.lang.Thread.run(Thread.java:1583)
... Removed 16 stack frames]]>
    </failure>
  </testcase> <!-- runTest -->
  <testcase classname="tests.TipCalculatorTest" name="runTest" time="2.318"/>
  <testcase classname="tests.TipCalculatorTest" name="runTest" time="3.093">
    <failure type="java.lang.AssertionError" message="TC_018 FAILED">
      <![CDATA[java.lang.AssertionError: TC_018 FAILED
at tests.TipCalculatorTest.runTest(TipCalculatorTest.java:80)
at java.base/java.util.ArrayList.forEach(ArrayList.java:1596)
at java.base/java.util.concurrent.FutureTask.run(FutureTask.java:317)
at java.base/java.util.concurrent.ThreadPoolExecutor.runWorker(ThreadPoolExecutor.java:1144)
at java.base/java.util.concurrent.ThreadPoolExecutor$Worker.run(ThreadPoolExecutor.java:642)
at java.base/java.lang.Thread.run(Thread.java:1583)
... Removed 16 stack frames]]>
    </failure>
  </testcase> <!-- runTest -->
  <testcase classname="tests.TipCalculatorTest" name="runTest" time="2.186"/>
  <testcase classname="tests.TipCalculatorTest" name="runTest" time="2.916">
    <failure type="java.lang.AssertionError" message="TC_020 FAILED">
      <![CDATA[java.lang.AssertionError: TC_020 FAILED
at tests.TipCalculatorTest.runTest(TipCalculatorTest.java:80)
at java.base/java.util.ArrayList.forEach(ArrayList.java:1596)
at java.base/java.util.concurrent.FutureTask.run(FutureTask.java:317)
at java.base/java.util.concurrent.ThreadPoolExecutor.runWorker(ThreadPoolExecutor.java:1144)
at java.base/java.util.concurrent.ThreadPoolExecutor$Worker.run(ThreadPoolExecutor.java:642)
at java.base/java.lang.Thread.run(Thread.java:1583)
... Removed 16 stack frames]]>
    </failure>
  </testcase> <!-- runTest -->
</testsuite> <!-- Chrome Tests -->
