<?xml version="1.0" encoding="UTF-8"?>
<!-- Generated by org.testng.reporters.JUnitXMLReporter -->
<testsuite ignored="0" hostname="LTIN719344" failures="1" tests="21" name="Chrome" time="100.372" errors="0" timestamp="2026-05-19T08:58:41 IST">
  <testcase classname="tests.TipCalculatorTest" name="runTest" time="0.577"/>
  <testcase classname="tests.TipCalculatorTest" name="runTest" time="6.996"/>
  <testcase classname="tests.TipCalculatorTest" name="runTest" time="1.716"/>
  <testcase classname="tests.TipCalculatorTest" name="runTest" time="2.02"/>
  <testcase classname="tests.TipCalculatorTest" name="runTest" time="1.939"/>
  <testcase classname="tests.TipCalculatorTest" name="runTest" time="5.337"/>
  <testcase classname="tests.TipCalculatorTest" name="runTest" time="2.27"/>
  <testcase classname="tests.TipCalculatorTest" name="runTest" time="2.197"/>
  <testcase classname="tests.TipCalculatorTest" name="runTest" time="4.497">
    <skipped/>
  </testcase> <!-- runTest -->
  <testcase classname="tests.TipCalculatorTest" name="runTest" time="4.212">
    <failure type="java.lang.AssertionError" message="TC_009 FAILED">
      <![CDATA[java.lang.AssertionError: TC_009 FAILED
at tests.TipCalculatorTest.runTest(TipCalculatorTest.java:250)
at java.base/java.util.ArrayList.forEach(ArrayList.java:1596)
at java.base/java.util.concurrent.FutureTask.run(FutureTask.java:317)
at java.base/java.util.concurrent.ThreadPoolExecutor.runWorker(ThreadPoolExecutor.java:1144)
at java.base/java.util.concurrent.ThreadPoolExecutor$Worker.run(ThreadPoolExecutor.java:642)
at java.base/java.lang.Thread.run(Thread.java:1583)
... Removed 16 stack frames]]>
    </failure>
  </testcase> <!-- runTest -->
  <testcase classname="tests.TipCalculatorTest" name="runTest" time="4.228"/>
  <testcase classname="tests.TipCalculatorTest" name="runTest" time="4.321"/>
  <testcase classname="tests.TipCalculatorTest" name="runTest" time="4.084"/>
  <testcase classname="tests.TipCalculatorTest" name="runTest" time="4.606"/>
  <testcase classname="tests.TipCalculatorTest" name="runTest" time="4.32"/>
  <testcase classname="tests.TipCalculatorTest" name="runTest" time="5.371"/>
  <testcase classname="tests.TipCalculatorTest" name="runTest" time="4.925"/>
  <testcase classname="tests.TipCalculatorTest" name="runTest" time="5.379"/>
  <testcase classname="tests.TipCalculatorTest" name="runTest" time="4.435"/>
  <testcase classname="tests.TipCalculatorTest" name="runTest" time="4.967"/>
  <testcase classname="tests.TipCalculatorTest" name="runTest" time="4.71"/>
</testsuite> <!-- Chrome -->
