<?xml version="1.0" encoding="UTF-8"?>
<!-- Generated by org.testng.reporters.JUnitXMLReporter -->
<testsuite ignored="0" hostname="LTIN719344" failures="1" tests="21" name="Edge" time="111.348" errors="0" timestamp="2026-05-18T23:42:29 IST">
  <testcase classname="tests.TipCalculatorTest" name="runTest" time="1.384"/>
  <testcase classname="tests.TipCalculatorTest" name="runTest" time="5.028"/>
  <testcase classname="tests.TipCalculatorTest" name="runTest" time="2.542"/>
  <testcase classname="tests.TipCalculatorTest" name="runTest" time="2.076"/>
  <testcase classname="tests.TipCalculatorTest" name="runTest" time="2.317"/>
  <testcase classname="tests.TipCalculatorTest" name="runTest" time="4.794"/>
  <testcase classname="tests.TipCalculatorTest" name="runTest" time="2.067"/>
  <testcase classname="tests.TipCalculatorTest" name="runTest" time="1.878"/>
  <testcase classname="tests.TipCalculatorTest" name="runTest" time="4.751">
    <skipped/>
  </testcase> <!-- runTest -->
  <testcase classname="tests.TipCalculatorTest" name="runTest" time="6.069">
    <failure type="java.lang.AssertionError" message="TC_009 FAILED">
      <![CDATA[java.lang.AssertionError: TC_009 FAILED
at tests.TipCalculatorTest.runTest(TipCalculatorTest.java:250)
at java.base/java.util.ArrayList.forEach(ArrayList.java:1596)
at java.base/java.util.concurrent.FutureTask.run(FutureTask.java:317)
at java.base/java.util.concurrent.ThreadPoolExecutor.runWorker(ThreadPoolExecutor.java:1144)
at java.base/java.util.concurrent.ThreadPoolExecutor$Worker.run(ThreadPoolExecutor.java:642)
at java.base/java.lang.Thread.run(Thread.java:1583)
... Removed 16 stack frames]]>
    </failure>
  </testcase> <!-- runTest -->
  <testcase classname="tests.TipCalculatorTest" name="runTest" time="5.538"/>
  <testcase classname="tests.TipCalculatorTest" name="runTest" time="5.423"/>
  <testcase classname="tests.TipCalculatorTest" name="runTest" time="5.263"/>
  <testcase classname="tests.TipCalculatorTest" name="runTest" time="5.475"/>
  <testcase classname="tests.TipCalculatorTest" name="runTest" time="4.944"/>
  <testcase classname="tests.TipCalculatorTest" name="runTest" time="5.163"/>
  <testcase classname="tests.TipCalculatorTest" name="runTest" time="5.515"/>
  <testcase classname="tests.TipCalculatorTest" name="runTest" time="5.714"/>
  <testcase classname="tests.TipCalculatorTest" name="runTest" time="5.318"/>
  <testcase classname="tests.TipCalculatorTest" name="runTest" time="5.637"/>
  <testcase classname="tests.TipCalculatorTest" name="runTest" time="5.005"/>
</testsuite> <!-- Edge -->
