<?xml version="1.0" encoding="UTF-8"?>
<!-- Generated by org.testng.reporters.JUnitXMLReporter -->
<testsuite ignored="0" hostname="LTIN719344" failures="1" tests="21" name="Edge" time="102.241" errors="0" timestamp="2026-05-19T08:58:43 IST">
  <testcase classname="tests.TipCalculatorTest" name="runTest" time="0.859"/>
  <testcase classname="tests.TipCalculatorTest" name="runTest" time="3.865"/>
  <testcase classname="tests.TipCalculatorTest" name="runTest" time="1.705"/>
  <testcase classname="tests.TipCalculatorTest" name="runTest" time="2.197"/>
  <testcase classname="tests.TipCalculatorTest" name="runTest" time="2.091"/>
  <testcase classname="tests.TipCalculatorTest" name="runTest" time="6.668"/>
  <testcase classname="tests.TipCalculatorTest" name="runTest" time="3.751"/>
  <testcase classname="tests.TipCalculatorTest" name="runTest" time="3.099"/>
  <testcase classname="tests.TipCalculatorTest" name="runTest" time="4.833">
    <skipped/>
  </testcase> <!-- runTest -->
  <testcase classname="tests.TipCalculatorTest" name="runTest" time="4.745">
    <failure type="java.lang.AssertionError" message="TC_009 FAILED">
      <![CDATA[java.lang.AssertionError: TC_009 FAILED
at tests.TipCalculatorTest.runTest(TipCalculatorTest.java:250)
at java.base/java.util.ArrayList.forEach(ArrayList.java:1596)
at java.base/java.util.concurrent.FutureTask.run(FutureTask.java:317)
at java.base/java.util.concurrent.ThreadPoolExecutor.runWorker(ThreadPoolExecutor.java:1144)
at java.base/java.util.concurrent.ThreadPoolExecutor$Worker.run(ThreadPoolExecutor.java:642)
at java.base/java.lang.Thread.run(Thread.java:1583)
... Removed 16 stack frames]]>
    </failure>
  </testcase> <!-- runTest -->
  <testcase classname="tests.TipCalculatorTest" name="runTest" time="5.08"/>
  <testcase classname="tests.TipCalculatorTest" name="runTest" time="4.027"/>
  <testcase classname="tests.TipCalculatorTest" name="runTest" time="4.274"/>
  <testcase classname="tests.TipCalculatorTest" name="runTest" time="4.311"/>
  <testcase classname="tests.TipCalculatorTest" name="runTest" time="4.828"/>
  <testcase classname="tests.TipCalculatorTest" name="runTest" time="5.049"/>
  <testcase classname="tests.TipCalculatorTest" name="runTest" time="5.484"/>
  <testcase classname="tests.TipCalculatorTest" name="runTest" time="4.705"/>
  <testcase classname="tests.TipCalculatorTest" name="runTest" time="4.234"/>
  <testcase classname="tests.TipCalculatorTest" name="runTest" time="4.425"/>
  <testcase classname="tests.TipCalculatorTest" name="runTest" time="5.143"/>
</testsuite> <!-- Edge -->
