<?xml version="1.0" encoding="UTF-8"?>
<testng-results ignored="0" total="2" passed="2" failed="0" skipped="0">
  <reporter-output>
  </reporter-output>
  <suite started-at="2026-05-19T00:14:12 IST" name="Default suite" finished-at="2026-05-19T00:14:26 IST" duration-ms="14684">
    <groups>
      <group name="cucumber">
        <method signature="AbstractTestNGCucumberTests.runScenario(io.cucumber.testng.PickleWrapper,io.cucumber.testng.FeatureWrapper)[pri:0, instance:runner.TestRunner@2f54a33d]" name="runScenario" class="io.cucumber.testng.AbstractTestNGCucumberTests"/>
      </group> <!-- cucumber -->
    </groups>
    <test started-at="2026-05-19T00:14:12 IST" name="Default test" finished-at="2026-05-19T00:14:26 IST" duration-ms="14684">
      <class name="runner.TestRunner">
        <test-method is-config="true" signature="setUpClass(org.testng.ITestContext)[pri:0, instance:runner.TestRunner@2f54a33d]" started-at="2026-05-19T00:14:12 IST" name="setUpClass" finished-at="2026-05-19T00:14:13 IST" duration-ms="1040" status="PASS">
          <params>
            <param index="0">
              <value>
                <![CDATA[org.testng.TestRunner@31024624]]>
              </value>
            </param>
          </params>
          <reporter-output>
          </reporter-output>
        </test-method> <!-- setUpClass -->
        <test-method signature="runScenario(io.cucumber.testng.PickleWrapper,io.cucumber.testng.FeatureWrapper)[pri:0, instance:runner.TestRunner@2f54a33d]" started-at="2026-05-19T00:14:13 IST" name="runScenario" description="Runs Cucumber Scenarios" data-provider="scenarios" finished-at="2026-05-19T00:14:26 IST" duration-ms="13535" status="PASS">
          <params>
            <param index="0">
              <value>
                <![CDATA["Invalid Bill"]]>
              </value>
            </param>
            <param index="1">
              <value>
                <![CDATA["Tip Calculator Testing"]]>
              </value>
            </param>
          </params>
          <reporter-output>
          </reporter-output>
        </test-method> <!-- runScenario -->
        <test-method signature="runScenario(io.cucumber.testng.PickleWrapper,io.cucumber.testng.FeatureWrapper)[pri:0, instance:runner.TestRunner@2f54a33d]" started-at="2026-05-19T00:14:13 IST" name="runScenario" description="Runs Cucumber Scenarios" data-provider="scenarios" finished-at="2026-05-19T00:14:25 IST" duration-ms="12715" status="PASS">
          <params>
            <param index="0">
              <value>
                <![CDATA["Valid Calculation"]]>
              </value>
            </param>
            <param index="1">
              <value>
                <![CDATA["Tip Calculator Testing"]]>
              </value>
            </param>
          </params>
          <reporter-output>
          </reporter-output>
        </test-method> <!-- runScenario -->
        <test-method is-config="true" signature="tearDownClass()[pri:0, instance:runner.TestRunner@2f54a33d]" started-at="2026-05-19T00:14:26 IST" name="tearDownClass" finished-at="2026-05-19T00:14:26 IST" duration-ms="36" status="PASS">
          <reporter-output>
          </reporter-output>
        </test-method> <!-- tearDownClass -->
      </class> <!-- runner.TestRunner -->
    </test> <!-- Default test -->
  </suite> <!-- Default suite -->
</testng-results>
