<?xml version="1.0" encoding="UTF-8"?>
<!-- Generated by org.testng.reporters.JUnitXMLReporter -->
<testsuite ignored="0" hostname="LTIN719344" failures="1" tests="20" name="Chrome Tests" time="186.132" errors="0" timestamp="2026-05-18T12:53:18 IST">
  <testcase classname="tests.TipCalculatorTest" name="runTest" time="19.878"/>
  <testcase classname="tests.TipCalculatorTest" name="runTest" time="58.505"/>
  <testcase classname="tests.TipCalculatorTest" name="runTest" time="54.796"/>
  <testcase classname="tests.TipCalculatorTest" name="runTest" time="59.223"/>
  <testcase classname="tests.TipCalculatorTest" name="runTest" time="51.256"/>
  <testcase classname="tests.TipCalculatorTest" name="runTest" time="36.785"/>
  <testcase classname="tests.TipCalculatorTest" name="runTest" time="37.708"/>
  <testcase classname="tests.TipCalculatorTest" name="runTest" time="37.85">
    <failure type="java.lang.AssertionError" message="People error missing expected [false] but found [true]">
      <![CDATA[java.lang.AssertionError: People error missing expected [false] but found [true]
at tests.TipCalculatorTest.runTest(TipCalculatorTest.java:51)
at java.base/java.util.concurrent.ThreadPoolExecutor.runWorker(ThreadPoolExecutor.java:1144)
at java.base/java.util.concurrent.ThreadPoolExecutor$Worker.run(ThreadPoolExecutor.java:642)
at java.base/java.lang.Thread.run(Thread.java:1583)
... Removed 10 stack frames]]>
    </failure>
  </testcase> <!-- runTest -->
  <testcase classname="tests.TipCalculatorTest" name="runTest" time="37.786"/>
  <testcase classname="tests.TipCalculatorTest" name="runTest" time="11.325"/>
  <testcase classname="tests.TipCalculatorTest" name="runTest" time="4.732"/>
  <testcase classname="tests.TipCalculatorTest" name="runTest" time="12.67"/>
  <testcase classname="tests.TipCalculatorTest" name="runTest" time="7.564"/>
  <testcase classname="tests.TipCalculatorTest" name="runTest" time="12.877"/>
  <testcase classname="tests.TipCalculatorTest" name="runTest" time="13.047"/>
  <testcase classname="tests.TipCalculatorTest" name="runTest" time="14.277"/>
  <testcase classname="tests.TipCalculatorTest" name="runTest" time="9.457"/>
  <testcase classname="tests.TipCalculatorTest" name="runTest" time="9.085"/>
  <testcase classname="tests.TipCalculatorTest" name="runTest" time="11.524"/>
  <testcase classname="tests.TipCalculatorTest" name="runTest" time="0.593"/>
</testsuite> <!-- Chrome Tests -->
