<?xml version="1.0" encoding="UTF-8"?>
<!-- Generated by org.testng.reporters.JUnitReportReporter -->
<testsuite hostname="LTIN719344" failures="2" tests="42" name="tests.TipCalculatorTest" time="190.223" errors="0" timestamp="2026-05-18T23:42:29 IST" skipped="2">
  <testcase classname="tests.TipCalculatorTest" name="runTest" time="5.635"/>
  <testcase classname="tests.TipCalculatorTest" name="runTest" time="5.505"/>
  <testcase classname="tests.TipCalculatorTest" name="runTest" time="2.953"/>
  <testcase classname="tests.TipCalculatorTest" name="runTest" time="2.671"/>
  <testcase classname="tests.TipCalculatorTest" name="runTest" time="4.950">
    <skipped/>
  </testcase> <!-- runTest -->
  <testcase classname="tests.TipCalculatorTest" name="runTest" time="2.423"/>
  <testcase classname="tests.TipCalculatorTest" name="runTest" time="5.205"/>
  <testcase classname="tests.TipCalculatorTest" name="runTest" time="4.888"/>
  <testcase classname="tests.TipCalculatorTest" name="runTest" time="5.658"/>
  <testcase classname="tests.TipCalculatorTest" name="runTest" time="2.093"/>
  <testcase classname="tests.TipCalculatorTest" name="runTest" time="5.129"/>
  <testcase classname="tests.TipCalculatorTest" name="runTest" time="5.247"/>
  <testcase classname="tests.TipCalculatorTest" name="runTest" time="5.394">
    <skipped/>
  </testcase> <!-- runTest -->
  <testcase classname="tests.TipCalculatorTest" name="runTest" time="5.550"/>
  <testcase classname="tests.TipCalculatorTest" name="runTest" time="5.183"/>
  <testcase classname="tests.TipCalculatorTest" name="runTest" time="5.232"/>
  <testcase classname="tests.TipCalculatorTest" name="runTest" time="2.405"/>
  <testcase classname="tests.TipCalculatorTest" name="runTest" time="2.799"/>
  <testcase classname="tests.TipCalculatorTest" name="runTest" time="1.507"/>
  <testcase classname="tests.TipCalculatorTest" name="runTest" time="5.445"/>
  <testcase classname="tests.TipCalculatorTest" name="runTest" time="4.985"/>
  <testcase classname="tests.TipCalculatorTest" name="runTest" time="2.753"/>
  <testcase classname="tests.TipCalculatorTest" name="runTest" time="5.348"/>
  <testcase classname="tests.TipCalculatorTest" name="runTest" time="5.638"/>
  <testcase classname="tests.TipCalculatorTest" name="runTest" time="6.704">
    <failure message="TC_009 FAILED" type="java.lang.AssertionError">
      <![CDATA[java.lang.AssertionError: TC_009 FAILED
at org.testng.Assert.fail(Assert.java:111)
at tests.TipCalculatorTest.runTest(TipCalculatorTest.java:250)
at java.base/jdk.internal.reflect.DirectMethodHandleAccessor.invoke(DirectMethodHandleAccessor.java:103)
at java.base/java.lang.reflect.Method.invoke(Method.java:580)
at org.testng.internal.invokers.MethodInvocationHelper.invokeMethod(MethodInvocationHelper.java:141)
at org.testng.internal.invokers.TestInvoker.invokeMethod(TestInvoker.java:687)
at org.testng.internal.invokers.TestInvoker.retryFailed(TestInvoker.java:269)
at org.testng.internal.invokers.MethodRunner.runInSequence(MethodRunner.java:76)
at org.testng.internal.invokers.TestInvoker$MethodInvocationAgent.invoke(TestInvoker.java:995)
at org.testng.internal.invokers.TestInvoker.invokeTestMethods(TestInvoker.java:203)
at org.testng.internal.invokers.TestMethodWorker.invokeTestMethods(TestMethodWorker.java:154)
at org.testng.internal.invokers.TestMethodWorker.run(TestMethodWorker.java:134)
at java.base/java.util.ArrayList.forEach(ArrayList.java:1596)
at org.testng.TestRunner.privateRun(TestRunner.java:741)
at org.testng.TestRunner.run(TestRunner.java:616)
at org.testng.SuiteRunner.runTest(SuiteRunner.java:421)
at org.testng.SuiteRunner$SuiteWorker.run(SuiteRunner.java:463)
at org.testng.internal.thread.ThreadUtil.lambda$execute$0(ThreadUtil.java:64)
at java.base/java.util.concurrent.FutureTask.run(FutureTask.java:317)
at java.base/java.util.concurrent.ThreadPoolExecutor.runWorker(ThreadPoolExecutor.java:1144)
at java.base/java.util.concurrent.ThreadPoolExecutor$Worker.run(ThreadPoolExecutor.java:642)
at java.base/java.lang.Thread.run(Thread.java:1583)
]]>
    </failure>
  </testcase> <!-- runTest -->
  <testcase classname="tests.TipCalculatorTest" name="runTest" time="4.892"/>
  <testcase classname="tests.TipCalculatorTest" name="runTest" time="5.657"/>
  <testcase classname="tests.TipCalculatorTest" name="runTest" time="2.120"/>
  <testcase classname="tests.TipCalculatorTest" name="runTest" time="5.326"/>
  <testcase classname="tests.TipCalculatorTest" name="runTest" time="5.895"/>
  <testcase classname="tests.TipCalculatorTest" name="runTest" time="5.760"/>
  <testcase classname="tests.TipCalculatorTest" name="runTest" time="5.428">
    <failure message="TC_009 FAILED" type="java.lang.AssertionError">
      <![CDATA[java.lang.AssertionError: TC_009 FAILED
at org.testng.Assert.fail(Assert.java:111)
at tests.TipCalculatorTest.runTest(TipCalculatorTest.java:250)
at java.base/jdk.internal.reflect.DirectMethodHandleAccessor.invoke(DirectMethodHandleAccessor.java:103)
at java.base/java.lang.reflect.Method.invoke(Method.java:580)
at org.testng.internal.invokers.MethodInvocationHelper.invokeMethod(MethodInvocationHelper.java:141)
at org.testng.internal.invokers.TestInvoker.invokeMethod(TestInvoker.java:687)
at org.testng.internal.invokers.TestInvoker.retryFailed(TestInvoker.java:269)
at org.testng.internal.invokers.MethodRunner.runInSequence(MethodRunner.java:76)
at org.testng.internal.invokers.TestInvoker$MethodInvocationAgent.invoke(TestInvoker.java:995)
at org.testng.internal.invokers.TestInvoker.invokeTestMethods(TestInvoker.java:203)
at org.testng.internal.invokers.TestMethodWorker.invokeTestMethods(TestMethodWorker.java:154)
at org.testng.internal.invokers.TestMethodWorker.run(TestMethodWorker.java:134)
at java.base/java.util.ArrayList.forEach(ArrayList.java:1596)
at org.testng.TestRunner.privateRun(TestRunner.java:741)
at org.testng.TestRunner.run(TestRunner.java:616)
at org.testng.SuiteRunner.runTest(SuiteRunner.java:421)
at org.testng.SuiteRunner$SuiteWorker.run(SuiteRunner.java:463)
at org.testng.internal.thread.ThreadUtil.lambda$execute$0(ThreadUtil.java:64)
at java.base/java.util.concurrent.FutureTask.run(FutureTask.java:317)
at java.base/java.util.concurrent.ThreadPoolExecutor.runWorker(ThreadPoolExecutor.java:1144)
at java.base/java.util.concurrent.ThreadPoolExecutor$Worker.run(ThreadPoolExecutor.java:642)
at java.base/java.lang.Thread.run(Thread.java:1583)
]]>
    </failure>
  </testcase> <!-- runTest -->
  <testcase classname="tests.TipCalculatorTest" name="runTest" time="5.345"/>
  <testcase classname="tests.TipCalculatorTest" name="runTest" time="5.825"/>
  <testcase classname="tests.TipCalculatorTest" name="runTest" time="5.631"/>
  <testcase classname="tests.TipCalculatorTest" name="runTest" time="1.787"/>
  <testcase classname="tests.TipCalculatorTest" name="runTest" time="2.764"/>
  <testcase classname="tests.TipCalculatorTest" name="runTest" time="2.241"/>
  <testcase classname="tests.TipCalculatorTest" name="runTest" time="5.135"/>
  <testcase classname="tests.TipCalculatorTest" name="runTest" time="5.115"/>
  <testcase classname="tests.TipCalculatorTest" name="runTest" time="4.996"/>
  <testcase classname="tests.TipCalculatorTest" name="runTest" time="5.006"/>
</testsuite> <!-- tests.TipCalculatorTest -->
