<?xml version="1.0" encoding="UTF-8"?>
<!-- Generated by org.testng.reporters.JUnitReportReporter -->
<testsuite hostname="LTIN719344" failures="2" tests="42" name="tests.TipCalculatorTest" time="177.590" errors="0" timestamp="2026-05-19T08:58:43 IST" skipped="2">
  <testcase classname="tests.TipCalculatorTest" name="runTest" time="2.252"/>
  <testcase classname="tests.TipCalculatorTest" name="runTest" time="2.443"/>
  <testcase classname="tests.TipCalculatorTest" name="runTest" time="5.494"/>
  <testcase classname="tests.TipCalculatorTest" name="runTest" time="5.250"/>
  <testcase classname="tests.TipCalculatorTest" name="runTest" time="4.678">
    <skipped/>
  </testcase> <!-- runTest -->
  <testcase classname="tests.TipCalculatorTest" name="runTest" time="5.292"/>
  <testcase classname="tests.TipCalculatorTest" name="runTest" time="5.059"/>
  <testcase classname="tests.TipCalculatorTest" name="runTest" time="4.536"/>
  <testcase classname="tests.TipCalculatorTest" name="runTest" time="5.647"/>
  <testcase classname="tests.TipCalculatorTest" name="runTest" time="4.517"/>
  <testcase classname="tests.TipCalculatorTest" name="runTest" time="5.562"/>
  <testcase classname="tests.TipCalculatorTest" name="runTest" time="1.839"/>
  <testcase classname="tests.TipCalculatorTest" name="runTest" time="2.313"/>
  <testcase classname="tests.TipCalculatorTest" name="runTest" time="2.377"/>
  <testcase classname="tests.TipCalculatorTest" name="runTest" time="4.731"/>
  <testcase classname="tests.TipCalculatorTest" name="runTest" time="5.069"/>
  <testcase classname="tests.TipCalculatorTest" name="runTest" time="5.386"/>
  <testcase classname="tests.TipCalculatorTest" name="runTest" time="4.616"/>
  <testcase classname="tests.TipCalculatorTest" name="runTest" time="7.112"/>
  <testcase classname="tests.TipCalculatorTest" name="runTest" time="3.345"/>
  <testcase classname="tests.TipCalculatorTest" name="runTest" time="2.367"/>
  <testcase classname="tests.TipCalculatorTest" name="runTest" time="6.801"/>
  <testcase classname="tests.TipCalculatorTest" name="runTest" time="4.144"/>
  <testcase classname="tests.TipCalculatorTest" name="runTest" time="5.018">
    <skipped/>
  </testcase> <!-- runTest -->
  <testcase classname="tests.TipCalculatorTest" name="runTest" time="4.011"/>
  <testcase classname="tests.TipCalculatorTest" name="runTest" time="4.908">
    <failure message="TC_009 FAILED" type="java.lang.AssertionError">
      <![CDATA[java.lang.AssertionError: TC_009 FAILED
at org.testng.Assert.fail(Assert.java:111)
at tests.TipCalculatorTest.runTest(TipCalculatorTest.java:250)
at java.base/jdk.internal.reflect.DirectMethodHandleAccessor.invoke(DirectMethodHandleAccessor.java:103)
at java.base/java.lang.reflect.Method.invoke(Method.java:580)
at org.testng.internal.invokers.MethodInvocationHelper.invokeMethod(MethodInvocationHelper.java:141)
at org.testng.internal.invokers.TestInvoker.invokeMethod(TestInvoker.java:687)
at org.testng.internal.invokers.TestInvoker.retryFailed(TestInvoker.java:269)
at org.testng.internal.invokers.MethodRunner.runInSequence(MethodRunner.java:76)
at org.testng.internal.invokers.TestInvoker$MethodInvocationAgent.invoke(TestInvoker.java:995)
at org.testng.internal.invokers.TestInvoker.invokeTestMethods(TestInvoker.java:203)
at org.testng.internal.invokers.TestMethodWorker.invokeTestMethods(TestMethodWorker.java:154)
at org.testng.internal.invokers.TestMethodWorker.run(TestMethodWorker.java:134)
at java.base/java.util.ArrayList.forEach(ArrayList.java:1596)
at org.testng.TestRunner.privateRun(TestRunner.java:741)
at org.testng.TestRunner.run(TestRunner.java:616)
at org.testng.SuiteRunner.runTest(SuiteRunner.java:421)
at org.testng.SuiteRunner$SuiteWorker.run(SuiteRunner.java:463)
at org.testng.internal.thread.ThreadUtil.lambda$execute$0(ThreadUtil.java:64)
at java.base/java.util.concurrent.FutureTask.run(FutureTask.java:317)
at java.base/java.util.concurrent.ThreadPoolExecutor.runWorker(ThreadPoolExecutor.java:1144)
at java.base/java.util.concurrent.ThreadPoolExecutor$Worker.run(ThreadPoolExecutor.java:642)
at java.base/java.lang.Thread.run(Thread.java:1583)
]]>
    </failure>
  </testcase> <!-- runTest -->
  <testcase classname="tests.TipCalculatorTest" name="runTest" time="4.387">
    <failure message="TC_009 FAILED" type="java.lang.AssertionError">
      <![CDATA[java.lang.AssertionError: TC_009 FAILED
at org.testng.Assert.fail(Assert.java:111)
at tests.TipCalculatorTest.runTest(TipCalculatorTest.java:250)
at java.base/jdk.internal.reflect.DirectMethodHandleAccessor.invoke(DirectMethodHandleAccessor.java:103)
at java.base/java.lang.reflect.Method.invoke(Method.java:580)
at org.testng.internal.invokers.MethodInvocationHelper.invokeMethod(MethodInvocationHelper.java:141)
at org.testng.internal.invokers.TestInvoker.invokeMethod(TestInvoker.java:687)
at org.testng.internal.invokers.TestInvoker.retryFailed(TestInvoker.java:269)
at org.testng.internal.invokers.MethodRunner.runInSequence(MethodRunner.java:76)
at org.testng.internal.invokers.TestInvoker$MethodInvocationAgent.invoke(TestInvoker.java:995)
at org.testng.internal.invokers.TestInvoker.invokeTestMethods(TestInvoker.java:203)
at org.testng.internal.invokers.TestMethodWorker.invokeTestMethods(TestMethodWorker.java:154)
at org.testng.internal.invokers.TestMethodWorker.run(TestMethodWorker.java:134)
at java.base/java.util.ArrayList.forEach(ArrayList.java:1596)
at org.testng.TestRunner.privateRun(TestRunner.java:741)
at org.testng.TestRunner.run(TestRunner.java:616)
at org.testng.SuiteRunner.runTest(SuiteRunner.java:421)
at org.testng.SuiteRunner$SuiteWorker.run(SuiteRunner.java:463)
at org.testng.internal.thread.ThreadUtil.lambda$execute$0(ThreadUtil.java:64)
at java.base/java.util.concurrent.FutureTask.run(FutureTask.java:317)
at java.base/java.util.concurrent.ThreadPoolExecutor.runWorker(ThreadPoolExecutor.java:1144)
at java.base/java.util.concurrent.ThreadPoolExecutor$Worker.run(ThreadPoolExecutor.java:642)
at java.base/java.lang.Thread.run(Thread.java:1583)
]]>
    </failure>
  </testcase> <!-- runTest -->
  <testcase classname="tests.TipCalculatorTest" name="runTest" time="4.501"/>
  <testcase classname="tests.TipCalculatorTest" name="runTest" time="2.422"/>
  <testcase classname="tests.TipCalculatorTest" name="runTest" time="4.716"/>
  <testcase classname="tests.TipCalculatorTest" name="runTest" time="5.322"/>
  <testcase classname="tests.TipCalculatorTest" name="runTest" time="4.592"/>
  <testcase classname="tests.TipCalculatorTest" name="runTest" time="1.872"/>
  <testcase classname="tests.TipCalculatorTest" name="runTest" time="5.250"/>
  <testcase classname="tests.TipCalculatorTest" name="runTest" time="5.524"/>
  <testcase classname="tests.TipCalculatorTest" name="runTest" time="0.792"/>
  <testcase classname="tests.TipCalculatorTest" name="runTest" time="4.246"/>
  <testcase classname="tests.TipCalculatorTest" name="runTest" time="1.142"/>
  <testcase classname="tests.TipCalculatorTest" name="runTest" time="4.368"/>
  <testcase classname="tests.TipCalculatorTest" name="runTest" time="4.369"/>
  <testcase classname="tests.TipCalculatorTest" name="runTest" time="4.875"/>
  <testcase classname="tests.TipCalculatorTest" name="runTest" time="4.445"/>
</testsuite> <!-- tests.TipCalculatorTest -->
